1# self.db.get_db()['messages']['emeka'].append(chat_service_pb2.SendRequest(sender = 'victor', recipient = 'emeka', content = '1414'))
2# self.db.get_db()['messages']['emeka'].pop()
3# self.db.get_db()['messages']['victor'].append(chat_service_pb2.SendRequest(sender = 'emeka', recipient = 'victor', content = 'adfslkjadfs'))
4# self.db.get_db()['messages']['victor'].pop()
5# self.db.get_db()['messages']['victor'].append(chat_service_pb2.SendRequest(sender = 'emeka', recipient = 'victor', content = 'fadlkj'))
6# self.db.get_db()['messages']['victor'].pop()
7# self.db.get_db()['messages']['victor'].append(chat_service_pb2.SendRequest(sender = 'emeka', recipient = 'victor', content = 'bitch'))
8# self.db.get_db()['messages']['victor'].pop()
9# self.db.get_db()['messages']['emeka'].append(chat_service_pb2.SendRequest(sender = 'victor', recipient = 'emeka', content = 'wjho'))
10# self.db.get_db()['messages']['emeka'].pop()
11# self.db.get_db()['messages']['emeka'].append(chat_service_pb2.SendRequest(sender = 'victor', recipient = 'emeka', content = 'fdszl;kdj'))
12# self.db.get_db()['messages']['emeka'].pop()
13# self.db.get_db()['messages']['emeka'].append(chat_service_pb2.SendRequest(sender = 'victor', recipient = 'emeka', content = 'dsfa'))
14# self.db.get_db()['messages']['emeka'].pop()
15# self.db.get_db()['messages']['emeka'].append(chat_service_pb2.SendRequest(sender = 'victor', recipient = 'emeka', content = 'fads'))
16# self.db.get_db()['messages']['emeka'].pop()
17# self.db.get_db()['messages']['victor'].append(chat_service_pb2.SendRequest(sender = 'emeka', recipient = 'victor', content = '124r'))
18# self.db.get_db()['messages']['victor'].pop()
19# self.db.get_db()['messages']['victor'].append(chat_service_pb2.SendRequest(sender = 'emeka', recipient = 'victor', content = 'adfad'))
20# self.db.get_db()['messages']['victor'].pop()
21# self.db.get_db()['messages']['emeka'].append(chat_service_pb2.SendRequest(sender = 'victor', recipient = 'emeka', content = 'xcfasfd'))
22# self.db.get_db()['messages']['emeka'].pop()
23# self.db.get_db()['messages']['emeka'].append(chat_service_pb2.SendRequest(sender = 'victor', recipient = 'emeka', content = 'afsddsfa'))
24# self.db.get_db()['messages']['emeka'].pop()
25# self.db.get_db()['messages']['victor'].append(chat_service_pb2.SendRequest(sender = 'emeka', recipient = 'victor', content = 'afda'))
26# self.db.get_db()['messages']['victor'].pop()
27# self.db.get_db()['messages']['victor'].append(chat_service_pb2.SendRequest(sender = 'emeka', recipient = 'victor', content = 'afdfas'))
28# self.db.get_db()['messages']['victor'].pop()
29# self.db.get_db()['messages']['emeka'].append(chat_service_pb2.SendRequest(sender = 'victor', recipient = 'emeka', content = 'afda'))
30# self.db.get_db()['messages']['emeka'].pop()
31# self.db.get_db()['messages']['emeka'].append(chat_service_pb2.SendRequest(sender = 'victor', recipient = 'emeka', content = 'czvcdf'))
32# self.db.get_db()['messages']['emeka'].pop()
33# self.db.get_db()['messages']['emeka'].append(chat_service_pb2.SendRequest(sender = 'victor', recipient = 'emeka', content = 'zvccvz'))
34# self.db.get_db()['messages']['emeka'].pop()
35# self.db.get_db()['messages']['victor'].append(chat_service_pb2.SendRequest(sender = 'emeka', recipient = 'victor', content = 'safd'))
36# self.db.get_db()['messages']['victor'].pop()
37# self.db.get_db()['messages']['victor'].append(chat_service_pb2.SendRequest(sender = 'emeka', recipient = 'victor', content = 'dsf'))
38# self.db.get_db()['messages']['victor'].pop()
39# self.db.get_db()['messages']['victor'].append(chat_service_pb2.SendRequest(sender = 'emeka', recipient = 'victor', content = 'fgds'))
40# self.db.get_db()['messages']['victor'].pop()
41# self.db.get_db()['messages']['victor'].append(chat_service_pb2.SendRequest(sender = 'emeka', recipient = 'victor', content = 'dsg'))
42# self.db.get_db()['messages']['victor'].pop()
43# self.db.get_db()['messages']['victor'].append(chat_service_pb2.SendRequest(sender = 'emeka', recipient = 'victor', content = 'cdvz'))
44# self.db.get_db()['messages']['victor'].pop()
45# self.db.get_db()['messages']['emeka'].append(chat_service_pb2.SendRequest(sender = 'victor', recipient = 'emeka', content = 'sdaf'))
46# self.db.get_db()['messages']['emeka'].pop()
47# self.db.get_db()['messages']['victor'].append(chat_service_pb2.SendRequest(sender = 'emeka', recipient = 'victor', content = 'why ids this wor'))
48# self.db.get_db()['messages']['victor'].pop()
49# self.db.get_db()['messages']['emeka'].append(chat_service_pb2.SendRequest(sender = 'victor', recipient = 'emeka', content = 'omg it is working'))
50# self.db.get_db()['messages']['emeka'].pop()
